2023-02-15T12:36:42  Beginning script...
2023-02-15T12:37:02  Event detected =  Device arrival
2023-02-15T12:37:02  Drive name =  D:
2023-02-15T12:37:02  Drive label =  

GAC    Version        Location                                                                                         
---    -------        --------                                                                                         
True   v4.0.30319     C:\Windows\Microsoft.Net\assembly\GAC_MSIL\System.Windows.Forms\v4.0_4.0.0.0__b77a5c561934e089...
True   v4.0.30319     C:\Windows\Microsoft.Net\assembly\GAC_MSIL\System.Drawing\v4.0_4.0.0.0__b03f5f7f11d50a3a\Syste...
2023-02-15T12:37:03 Coping files...
2023-02-15T12:37:05 Coping complited!
2023-02-15T12:37:05 Formating Disk...

ObjectId             : {1}\\UNI-COMP-108\root/Microsoft/Windows/Storage/Providers_v2\WSP_Volume.ObjectId="{00d37aa3-75d
                       a-11ed-a989-806e6f6e6963}:VO:\\?\Volume{f5dcc527-793b-11ed-a995-346f2458310c}\"
PassThroughClass     : 
PassThroughIds       : 
PassThroughNamespace : 
PassThroughServer    : 
UniqueId             : \\?\Volume{f5dcc527-793b-11ed-a995-346f2458310c}\
AllocationUnitSize   : 32768
DedupMode            : NotAvailable
DriveLetter          : D
DriveType            : Removable
FileSystem           : FAT32
FileSystemLabel      : 
FileSystemType       : FAT32
HealthStatus         : Healthy
OperationalStatus    : OK
Path                 : \\?\Volume{f5dcc527-793b-11ed-a995-346f2458310c}\
Size                 : 34347155456
SizeRemaining        : 34347024384
PSComputerName       : 

2023-02-15T12:37:09 Format complited!
2023-02-15T12:37:09 Ejecting
2023-02-15T12:37:12 Ejected
2023-02-15T12:37:32  Event detected =  Device removal
2023-02-15T12:37:38  Event detected =  Device arrival
2023-02-15T12:37:38  Drive name =  D:
2023-02-15T12:37:38  Drive label =  
True   v4.0.30319     C:\Windows\Microsoft.Net\assembly\GAC_MSIL\System.Windows.Forms\v4.0_4.0.0.0__b77a5c561934e089...
True   v4.0.30319     C:\Windows\Microsoft.Net\assembly\GAC_MSIL\System.Drawing\v4.0_4.0.0.0__b03f5f7f11d50a3a\Syste...
2023-02-15T12:37:38 Coping files...
2023-02-15T12:37:38 Coping complited!
2023-02-15T12:37:38 Formating Disk...

ObjectId             : {1}\\UNI-COMP-108\root/Microsoft/Windows/Storage/Providers_v2\WSP_Volume.ObjectId="{00d37aa3-75d
                       a-11ed-a989-806e6f6e6963}:VO:\\?\Volume{df12b8a4-8c1f-11ed-a99a-346f2458310c}\"
PassThroughClass     : 
PassThroughIds       : 
PassThroughNamespace : 
PassThroughServer    : 
UniqueId             : \\?\Volume{df12b8a4-8c1f-11ed-a99a-346f2458310c}\
AllocationUnitSize   : 32768
DedupMode            : NotAvailable
DriveLetter          : D
DriveType            : Removable
FileSystem           : FAT32
FileSystemLabel      : 
FileSystemType       : FAT32
HealthStatus         : Healthy
OperationalStatus    : OK
Path                 : \\?\Volume{df12b8a4-8c1f-11ed-a99a-346f2458310c}\
Size                 : 34347155456
SizeRemaining        : 34347057152
PSComputerName       : 

2023-02-15T12:37:41 Format complited!
2023-02-15T12:37:41 Ejecting
2023-02-15T12:37:44 Ejected
2023-02-15T12:46:11  Event detected =  Device removal
2023-02-15T12:46:14  Event detected =  Device arrival
2023-02-15T12:46:14  Drive name =  D:
2023-02-15T12:46:14  Drive label =  
True   v4.0.30319     C:\Windows\Microsoft.Net\assembly\GAC_MSIL\System.Windows.Forms\v4.0_4.0.0.0__b77a5c561934e089...
True   v4.0.30319     C:\Windows\Microsoft.Net\assembly\GAC_MSIL\System.Drawing\v4.0_4.0.0.0__b03f5f7f11d50a3a\Syste...
2023-02-15T12:46:14 Coping files...
2023-02-15T12:46:14 Coping complited!
2023-02-15T12:46:14 Formating Disk...

ObjectId             : {1}\\UNI-COMP-108\root/Microsoft/Windows/Storage/Providers_v2\WSP_Volume.ObjectId="{00d37aa3-75d
                       a-11ed-a989-806e6f6e6963}:VO:\\?\Volume{f5dcc527-793b-11ed-a995-346f2458310c}\"
PassThroughClass     : 
PassThroughIds       : 
PassThroughNamespace : 
PassThroughServer    : 
UniqueId             : \\?\Volume{f5dcc527-793b-11ed-a995-346f2458310c}\
AllocationUnitSize   : 32768
DedupMode            : NotAvailable
DriveLetter          : D
DriveType            : Removable
FileSystem           : FAT32
FileSystemLabel      : 
FileSystemType       : FAT32
HealthStatus         : Healthy
OperationalStatus    : OK
Path                 : \\?\Volume{f5dcc527-793b-11ed-a995-346f2458310c}\
Size                 : 34347155456
SizeRemaining        : 34347057152
PSComputerName       : 

2023-02-15T12:46:17 Format complited!
2023-02-15T12:46:17 Ejecting
2023-02-15T12:46:20 Ejected
2023-02-15T12:46:30  Event detected =  Device removal
